Arguments: 
  /usr/local/bin/node /usr/local/Cellar/yarn/1.22.19/libexec/bin/yarn.js add @nestjs/swagger

PATH: 
  /usr/local/bin:/usr/bin:/bin:/usr/sbin:/sbin:/Library/Apple/usr/bin:/Users/mtak/simmons_transcendence/node_modules/.bin

Yarn version: 
  1.22.19

Node version: 
  16.15.1

Platform: 
  darwin x64

Trace: 
  SyntaxError: /Users/mtak/simmons_transcendence/package.json: Unexpected string in JSON at position 1611
      at JSON.parse (<anonymous>)
      at /usr/local/Cellar/yarn/1.22.19/libexec/lib/cli.js:1629:59
      at Generator.next (<anonymous>)
      at step (/usr/local/Cellar/yarn/1.22.19/libexec/lib/cli.js:310:30)
      at /usr/local/Cellar/yarn/1.22.19/libexec/lib/cli.js:321:13

npm manifest: 
  {
    "name": "app",
    "version": "0.0.1",
    "description": "",
    "author": "",
    "private": true,
    "license": "UNLICENSED",
    "scripts": {
      "prebuild": "rimraf dist",
      "build": "nest build",
      "format": "prettier --write \"src/**/*.ts\" \"test/**/*.ts\"",
      "start": "nest start",
      "start:dev": "cross-env NODE_ENV=development nest start --watch",
      "start:debug": "nest start --debug --watch",
      "start:prod": "node dist/main",
      "lint": "eslint \"{src,apps,libs,test}/**/*.ts\" --fix",
      "test": "jest",
      "test:watch": "jest --watch",
      "test:cov": "jest --coverage",
      "test:debug": "node --inspect-brk -r tsconfig-paths/register -r ts-node/register node_modules/.bin/jest --runInBand",
      "test:e2e": "jest --config ./test/jest-e2e.json"
    },
    "dependencies": {
      "@nestjs-modules/mailer": "^1.8.1",
      "@nestjs/common": "^9.0.0",
      "@nestjs/config": "^2.2.0",
      "@nestjs/core": "^9.0.0",
      "@nestjs/jwt": "^9.0.0",
      "@nestjs/mapped-types": "*",
      "@nestjs/passport": "^9.0.0",
      "@nestjs/platform-express": "^9.0.0",
      "@nestjs/platform-socket.io": "^9.0.9",
      "@nestjs/swagger": "^6.0.5",
      "@nestjs/typeorm": "^9.0.1",
      "@nestjs/websockets": "^9.0.9",
      "bcryptjs": "^2.4.3",
      "cache-manager": "^4.1.0",
      "cache-manager-ioredis": "^2.1.0",
      "cookie-parser": "^1.4.6",
      "express-session": "^1.17.3",
      "joi": "^17.6.0",
      "nodemailer": "^6.7.7",
      "passport-jwt": "^4.0.0",
      "pg": "^8.7.3",
      "reflect-metadata": "^0.1.13",
      "rimraf": "^3.0.2",
      "rxjs": "^7.2.0",
      "socket.io": "^4.5.1",
      "typeorm": "^0.3.7"
      "yamljs": "^0.3.0"
    },
    "devDependencies": {
      "@nestjs/cli": "^9.0.0",
      "@nestjs/schematics": "^9.0.0",
      "@nestjs/testing": "^9.0.0",
      "@types/bcryptjs": "^2.4.2",
      "@types/cache-manager": "^4.0.1",
      "@types/cache-manager-ioredis": "^2.0.2",
      "@types/cookie-parser": "^1.4.3",
      "@types/express": "^4.17.13",
      "@types/express-session": "^1.17.5",
      "@types/jest": "28.1.4",
      "@types/node": "^16.0.0",
      "@types/nodemailer": "^6.4.5",
      "@types/passport": "^1.0.9",
      "@types/passport-jwt": "^3.0.6",
      "@types/supertest": "^2.0.11",
      "@typescript-eslint/eslint-plugin": "^5.0.0",
      "@typescript-eslint/parser": "^5.0.0",
      "cross-env": "^7.0.3",
      "eslint": "^8.21.0",
      "eslint-config-prettier": "^8.3.0",
      "eslint-plugin-prettier": "^4.0.0",
      "jest": "28.1.2",
      "passport": "^0.6.0",
      "passport-42": "^1.2.6",
      "prettier": "^2.3.2",
      "source-map-support": "^0.5.20",
      "supertest": "^6.1.3",
      "ts-jest": "28.0.5",
      "ts-loader": "^9.2.3",
      "ts-node": "^10.0.0",
      "tsconfig-paths": "4.0.0",
      "typescript": "^4.3.5"
    },
    "jest": {
      "moduleFileExtensions": [
        "js",
        "json",
        "ts"
      ],
      "rootDir": "src",
      "testRegex": ".*\\.spec\\.ts$",
      "transform": {
        "^.+\\.(t|j)s$": "ts-jest"
      },
      "collectCoverageFrom": [
        "**/*.(t|j)s"
      ],
      "coverageDirectory": "../coverage",
      "testEnvironment": "node"
    },
    "eslintConfig": {
      "extends": [
        "airbnb",
        "prettier"
      ],
      "rules": {
        "react/prefer-stateless-function": 0,
        "react/jsx-filename-extension": 0,
        "react/jsx-one-expression-per-line": 0,
        "react/prop-types": 0
      },
      "env": {
        "browser": true
      }
    }
  }

yarn manifest: 
  No manifest

Lockfile: 
  # THIS IS AN AUTOGENERATED FILE. DO NOT EDIT THIS FILE DIRECTLY.
  # yarn lockfile v1
  
  
  "@nestjs/mapped-types@1.1.0":
    version "1.1.0"
    resolved "https://registry.yarnpkg.com/@nestjs/mapped-types/-/mapped-types-1.1.0.tgz#54a9fa61079635dd6c3c75fd9593f20b2302a55b"
    integrity sha512-+2kSly4P1QI+9eGt+/uGyPdEG1hVz7nbpqPHWZVYgoqz8eOHljpXPag+UCVRw9zo2XCu4sgNUIGe8Uk0+OvUQg==
  
  "@nestjs/swagger@^6.0.5":
    version "6.0.5"
    resolved "https://registry.yarnpkg.com/@nestjs/swagger/-/swagger-6.0.5.tgz#49c833008617fa9ea5e004b38b43e7aff524e99f"
    integrity sha512-Iy6/Xvd+YVC2F6flIDew5/VnpM2m7kK3IMoft0JqQc0RVXEO45+9gSasN6c8E/s0PbOy9de055mivAhFjk/+lA==
    dependencies:
      "@nestjs/mapped-types" "1.1.0"
      js-yaml "4.1.0"
      lodash "4.17.21"
      path-to-regexp "3.2.0"
      swagger-ui-dist "4.13.2"
  
  argparse@^2.0.1:
    version "2.0.1"
    resolved "https://registry.yarnpkg.com/argparse/-/argparse-2.0.1.tgz#246f50f3ca78a3240f6c997e8a9bd1eac49e4b38"
    integrity sha512-8+9WqebbFzpX9OR+Wa6O29asIogeRMzcGtAINdpMHHyAg10f05aSFVBbcEqGf/PXw1EjAZ+q2/bEBg3DvurK3Q==
  
  js-yaml@4.1.0:
    version "4.1.0"
    resolved "https://registry.yarnpkg.com/js-yaml/-/js-yaml-4.1.0.tgz#c1fb65f8f5017901cdd2c951864ba18458a10602"
    integrity sha512-wpxZs9NoxZaJESJGIZTyDEaYpl0FKSA+FB9aJiyemKhMwkxQg63h4T1KJgUGHpTqPDNRcmmYLugrRjJlBtWvRA==
    dependencies:
      argparse "^2.0.1"
  
  lodash@4.17.21:
    version "4.17.21"
    resolved "https://registry.yarnpkg.com/lodash/-/lodash-4.17.21.tgz#679591c564c3bffaae8454cf0b3df370c3d6911c"
    integrity sha512-v2kDEe57lecTulaDIuNTPy3Ry4gLGJ6Z1O3vE1krgXZNrsQ+LFTGHVxVjcXPs17LhbZVGedAJv8XZ1tvj5FvSg==
  
  path-to-regexp@3.2.0:
    version "3.2.0"
    resolved "https://registry.yarnpkg.com/path-to-regexp/-/path-to-regexp-3.2.0.tgz#fa7877ecbc495c601907562222453c43cc204a5f"
    integrity sha512-jczvQbCUS7XmS7o+y1aEO9OBVFeZBQ1MDSEqmO7xSoPgOPoowY/SxLpZ6Vh97/8qHZOteiCKb7gkG9gA2ZUxJA==
  
  swagger-ui-dist@4.13.2:
    version "4.13.2"
    resolved "https://registry.yarnpkg.com/swagger-ui-dist/-/swagger-ui-dist-4.13.2.tgz#fb814efd51bf06aa8630c0a0af6e3caa48ac6552"
    integrity sha512-jHL6UyIYpvEI7NsuWd0R3hJaPQTg6Oo4qSBo+oVfOEkv6rrQm/475RGSMmZgV6ajp+Sgrp9CqrDjQYAgQqiv1A==
